<?xml version="1.0" encoding="UTF-8"?>
<!-- Generated by org.testng.reporters.JUnitReportReporter -->
<testsuite skipped="0" hostname="MBP-Pras" name="restTutorial.basic_post" tests="1" failures="0" timestamp="14 Feb 2018 06:36:22 GMT" time="2.428" errors="0">
  <testcase name="test" time="2.428" classname="restTutorial.basic_post"/>
</testsuite> <!-- restTutorial.basic_post -->
