<?xml version="1.0" encoding="UTF-8"?>
<!-- Generated by org.testng.reporters.JUnitReportReporter -->
<testsuite skipped="0" hostname="MacBook-Pro-Pras.local" name="restTutorial.basic_get" tests="1" failures="0" timestamp="31 Oct 2018 09:40:22 GMT" time="3.314" errors="0">
  <testcase name="testbasic" time="3.314" classname="restTutorial.basic_get"/>
</testsuite> <!-- restTutorial.basic_get -->
