<?xml version="1.0" encoding="UTF-8"?>
<!-- Generated by org.testng.reporters.JUnitReportReporter -->
<testsuite skipped="0" hostname="MBP-Pras" name="restTutorial.extractvalues" tests="1" failures="0" timestamp="01 Jul 2018 09:55:19 GMT" time="24.936" errors="0">
  <testcase name="extractingNameFdn" time="24.936" classname="restTutorial.extractvalues"/>
</testsuite> <!-- restTutorial.extractvalues -->
