<?xml version="1.0" encoding="UTF-8"?>
<!-- Generated by org.testng.reporters.JUnitReportReporter -->
<testsuite skipped="0" hostname="MBP-Pras" name="femaledaily.get_brand" tests="1" failures="0" timestamp="01 Jul 2018 13:06:42 GMT" time="4.312" errors="0">
  <testcase name="getBrandFdn" time="4.312" classname="femaledaily.get_brand"/>
</testsuite> <!-- femaledaily.get_brandand -->
