<?xml version="1.0" encoding="UTF-8"?>
<!-- Generated by org.testng.reporters.JUnitReportReporter -->
<testsuite skipped="0" hostname="MacBook-Pro" name="restTutorial.basic" tests="1" failures="0" timestamp="28 Dec 2017 08:21:52 GMT" time="3.619" errors="0">
  <testcase name="coba" time="3.619" classname="restTutorial.basic"/>
</testsuite> <!-- restTutorial.basic -->
