<?xml version="1.0" encoding="UTF-8"?>
<!-- Generated by org.testng.reporters.JUnitReportReporter -->
<testsuite skipped="0" hostname="MBP-Pras" name="restTutorial.oop_storeBody" tests="1" failures="0" timestamp="01 Jul 2018 09:13:06 GMT" time="5.187" errors="0">
  <testcase name="test" time="5.187" classname="restTutorial.oop_storeBody"/>
</testsuite> <!-- restTutorial.oop_storeBody -->
