<?xml version="1.0" encoding="UTF-8"?>
<!-- Generated by org.testng.reporters.JUnitReportReporter -->
<testsuite skipped="0" hostname="MBP-Pras" name="restTutorial.basic_storeBody" tests="1" failures="0" timestamp="14 Feb 2018 04:48:25 GMT" time="3.456" errors="0">
  <testcase name="test" time="3.456" classname="restTutorial.basic_storeBody"/>
</testsuite> <!-- restTutorial.basic_storeBody -->
