<?xml version="1.0" encoding="UTF-8"?>
<!-- Generated by org.testng.reporters.JUnitReportReporter -->
<testsuite skipped="0" hostname="MacBook-Pro-Pras.local" name="test.tcPost.post_register_web" tests="3" failures="0" timestamp="15 Nov 2018 12:55:51 GMT" time="3.772" errors="0">
  <testcase name="run_post_register" time="2.787" classname="test.tcPost.post_register_web"/>
  <testcase name="run_post_login" time="0.285" classname="test.tcPost.post_register_web"/>
  <testcase name="getuserprofile_web" time="0.700" classname="test.tcPost.post_register_web"/>
</testsuite> <!-- test.tcPost.post_register_web -->
